  [1m[35m (451.5ms)[0m  [1m[35mCREATE DATABASE "youtube-comments-analyzer_development" ENCODING = 'unicode'[0m
  ↳ /Users/Omar/.rvm/gems/ruby-2.3.3/bin/rake:23
  [1m[35m (273.5ms)[0m  [1m[35mCREATE DATABASE "youtube-comments-analyzer_test" ENCODING = 'unicode'[0m
  ↳ /Users/Omar/.rvm/gems/ruby-2.3.3/bin/rake:23
  [1m[35m (15.8ms)[0m  [1m[35mCREATE TABLE "schema_migrations" ("version" character varying NOT NULL PRIMARY KEY)[0m
  ↳ /Users/Omar/.rvm/gems/ruby-2.3.3/bin/rake:23
  [1m[35m (4.0ms)[0m  [1m[35mCREATE TABLE "ar_internal_metadata" ("key" character varying NOT NULL PRIMARY KEY, "value" character varying, "created_at" timestamp NOT NULL, "updated_at" timestamp NOT NULL)[0m
  ↳ /Users/Omar/.rvm/gems/ruby-2.3.3/bin/rake:23
  [1m[35m (0.7ms)[0m  [1m[34mSELECT pg_try_advisory_lock(1024275113367530745)[0m
  ↳ /Users/Omar/.rvm/gems/ruby-2.3.3/bin/rake:23
  [1m[35m (0.7ms)[0m  [1m[34mSELECT "schema_migrations"."version" FROM "schema_migrations" ORDER BY "schema_migrations"."version" ASC[0m
  ↳ /Users/Omar/.rvm/gems/ruby-2.3.3/bin/rake:23
Migrating to CreateUsers (20181228232441)
  [1m[35m (0.2ms)[0m  [1m[35mBEGIN[0m
  ↳ /Users/Omar/.rvm/gems/ruby-2.3.3/bin/rake:23
  [1m[35m (7.0ms)[0m  [1m[35mCREATE TABLE "users" ("id" bigserial primary key, "name" character varying, "created_at" timestamp NOT NULL, "updated_at" timestamp NOT NULL)[0m
  ↳ db/migrate/20181228232441_create_users.rb:3
  [1m[36mActiveRecord::SchemaMigration Create (1.0ms)[0m  [1m[32mINSERT INTO "schema_migrations" ("version") VALUES ($1) RETURNING "version"[0m  [["version", "20181228232441"]]
  ↳ /Users/Omar/.rvm/gems/ruby-2.3.3/bin/rake:23
  [1m[35m (0.5ms)[0m  [1m[35mCOMMIT[0m
  ↳ /Users/Omar/.rvm/gems/ruby-2.3.3/bin/rake:23
Migrating to CreatePlaylists (20181228232520)
  [1m[35m (0.6ms)[0m  [1m[35mBEGIN[0m
  ↳ /Users/Omar/.rvm/gems/ruby-2.3.3/bin/rake:23
  [1m[35m (5.1ms)[0m  [1m[35mCREATE TABLE "playlists" ("id" bigserial primary key, "name" character varying, "created_at" timestamp NOT NULL, "updated_at" timestamp NOT NULL)[0m
  ↳ db/migrate/20181228232520_create_playlists.rb:3
  [1m[36mActiveRecord::SchemaMigration Create (0.4ms)[0m  [1m[32mINSERT INTO "schema_migrations" ("version") VALUES ($1) RETURNING "version"[0m  [["version", "20181228232520"]]
  ↳ /Users/Omar/.rvm/gems/ruby-2.3.3/bin/rake:23
  [1m[35m (0.4ms)[0m  [1m[35mCOMMIT[0m
  ↳ /Users/Omar/.rvm/gems/ruby-2.3.3/bin/rake:23
Migrating to CreateVideos (20181228232624)
  [1m[35m (0.3ms)[0m  [1m[35mBEGIN[0m
  ↳ /Users/Omar/.rvm/gems/ruby-2.3.3/bin/rake:23
  [1m[35m (5.5ms)[0m  [1m[35mCREATE TABLE "videos" ("id" bigserial primary key, "title" character varying, "youtubeId" character varying, "author" character varying, "created_at" timestamp NOT NULL, "updated_at" timestamp NOT NULL)[0m
  ↳ db/migrate/20181228232624_create_videos.rb:3
  [1m[36mActiveRecord::SchemaMigration Create (0.5ms)[0m  [1m[32mINSERT INTO "schema_migrations" ("version") VALUES ($1) RETURNING "version"[0m  [["version", "20181228232624"]]
  ↳ /Users/Omar/.rvm/gems/ruby-2.3.3/bin/rake:23
  [1m[35m (0.6ms)[0m  [1m[35mCOMMIT[0m
  ↳ /Users/Omar/.rvm/gems/ruby-2.3.3/bin/rake:23
Migrating to CreatePlaylistvideos (20181228232704)
  [1m[35m (0.4ms)[0m  [1m[35mBEGIN[0m
  ↳ /Users/Omar/.rvm/gems/ruby-2.3.3/bin/rake:23
  [1m[35m (1.0ms)[0m  [1m[31mROLLBACK[0m
  ↳ /Users/Omar/.rvm/gems/ruby-2.3.3/bin/rake:23
  [1m[35m (0.4ms)[0m  [1m[34mSELECT pg_advisory_unlock(1024275113367530745)[0m
  ↳ /Users/Omar/.rvm/gems/ruby-2.3.3/bin/rake:23
  [1m[35m (0.2ms)[0m  [1m[34mSELECT pg_try_advisory_lock(1024275113367530745)[0m
  ↳ /Users/Omar/.rvm/gems/ruby-2.3.3/bin/rake:23
  [1m[35m (1.4ms)[0m  [1m[34mSELECT "schema_migrations"."version" FROM "schema_migrations" ORDER BY "schema_migrations"."version" ASC[0m
  ↳ /Users/Omar/.rvm/gems/ruby-2.3.3/bin/rake:23
Migrating to CreatePlaylistvideos (20181228232704)
  [1m[35m (0.2ms)[0m  [1m[35mBEGIN[0m
  ↳ /Users/Omar/.rvm/gems/ruby-2.3.3/bin/rake:23
  [1m[35m (0.2ms)[0m  [1m[31mROLLBACK[0m
  ↳ /Users/Omar/.rvm/gems/ruby-2.3.3/bin/rake:23
  [1m[35m (0.3ms)[0m  [1m[34mSELECT pg_advisory_unlock(1024275113367530745)[0m
  ↳ /Users/Omar/.rvm/gems/ruby-2.3.3/bin/rake:23
  [1m[35m (2.0ms)[0m  [1m[35mCREATE DATABASE "youtube-comments-analyzer_development" ENCODING = 'unicode'[0m
  ↳ /Users/Omar/.rvm/gems/ruby-2.3.3/bin/rake:23
  [1m[35m (0.5ms)[0m  [1m[35mCREATE DATABASE "youtube-comments-analyzer_test" ENCODING = 'unicode'[0m
  ↳ /Users/Omar/.rvm/gems/ruby-2.3.3/bin/rake:23
  [1m[35m (0.3ms)[0m  [1m[34mSELECT pg_try_advisory_lock(1024275113367530745)[0m
  ↳ /Users/Omar/.rvm/gems/ruby-2.3.3/bin/rake:23
  [1m[35m (0.9ms)[0m  [1m[34mSELECT "schema_migrations"."version" FROM "schema_migrations" ORDER BY "schema_migrations"."version" ASC[0m
  ↳ /Users/Omar/.rvm/gems/ruby-2.3.3/bin/rake:23
Migrating to CreatePlaylistvideos (20181228232704)
  [1m[35m (0.2ms)[0m  [1m[35mBEGIN[0m
  ↳ /Users/Omar/.rvm/gems/ruby-2.3.3/bin/rake:23
  [1m[35m (0.2ms)[0m  [1m[31mROLLBACK[0m
  ↳ /Users/Omar/.rvm/gems/ruby-2.3.3/bin/rake:23
  [1m[35m (0.3ms)[0m  [1m[34mSELECT pg_advisory_unlock(1024275113367530745)[0m
  ↳ /Users/Omar/.rvm/gems/ruby-2.3.3/bin/rake:23
  [1m[35m (0.6ms)[0m  [1m[35mCREATE DATABASE "youtube-comments-analyzer_development" ENCODING = 'unicode'[0m
  ↳ bin/rails:9
  [1m[35m (0.5ms)[0m  [1m[35mCREATE DATABASE "youtube-comments-analyzer_test" ENCODING = 'unicode'[0m
  ↳ bin/rails:9
  [1m[35m (0.3ms)[0m  [1m[34mSELECT pg_try_advisory_lock(1024275113367530745)[0m
  ↳ bin/rails:9
  [1m[35m (1.0ms)[0m  [1m[34mSELECT "schema_migrations"."version" FROM "schema_migrations" ORDER BY "schema_migrations"."version" ASC[0m
  ↳ bin/rails:9
Migrating to CreatePlaylistvideos (20181228232704)
  [1m[35m (0.1ms)[0m  [1m[35mBEGIN[0m
  ↳ bin/rails:9
  [1m[35m (0.2ms)[0m  [1m[31mROLLBACK[0m
  ↳ bin/rails:9
  [1m[35m (0.3ms)[0m  [1m[34mSELECT pg_advisory_unlock(1024275113367530745)[0m
  ↳ bin/rails:9
  [1m[35m (0.2ms)[0m  [1m[34mSELECT pg_try_advisory_lock(1024275113367530745)[0m
  ↳ bin/rails:9
  [1m[35m (1.0ms)[0m  [1m[34mSELECT "schema_migrations"."version" FROM "schema_migrations" ORDER BY "schema_migrations"."version" ASC[0m
  ↳ bin/rails:9
Migrating to CreatePlaylistvideos (20181228232704)
  [1m[35m (0.2ms)[0m  [1m[35mBEGIN[0m
  ↳ bin/rails:9
  [1m[35m (0.2ms)[0m  [1m[31mROLLBACK[0m
  ↳ bin/rails:9
  [1m[35m (0.4ms)[0m  [1m[34mSELECT pg_advisory_unlock(1024275113367530745)[0m
  ↳ bin/rails:9
  [1m[35m (0.5ms)[0m  [1m[34mSELECT pg_try_advisory_lock(1024275113367530745)[0m
  ↳ bin/rails:9
  [1m[35m (1.0ms)[0m  [1m[34mSELECT "schema_migrations"."version" FROM "schema_migrations" ORDER BY "schema_migrations"."version" ASC[0m
  ↳ bin/rails:9
Migrating to CreatePlaylistvideos (20181228232704)
  [1m[35m (0.1ms)[0m  [1m[35mBEGIN[0m
  ↳ bin/rails:9
  [1m[35m (0.2ms)[0m  [1m[31mROLLBACK[0m
  ↳ bin/rails:9
  [1m[35m (0.3ms)[0m  [1m[34mSELECT pg_advisory_unlock(1024275113367530745)[0m
  ↳ bin/rails:9
  [1m[35m (0.9ms)[0m  [1m[34mSELECT "schema_migrations"."version" FROM "schema_migrations" ORDER BY "schema_migrations"."version" ASC[0m
  ↳ bin/rails:9
  [1m[35m (0.3ms)[0m  [1m[34mSELECT pg_try_advisory_lock(1024275113367530745)[0m
  ↳ bin/rails:9
  [1m[35m (1.4ms)[0m  [1m[34mSELECT "schema_migrations"."version" FROM "schema_migrations" ORDER BY "schema_migrations"."version" ASC[0m
  ↳ bin/rails:9
Migrating to CreatePlaylistvideos (20181228232704)
  [1m[35m (0.2ms)[0m  [1m[35mBEGIN[0m
  ↳ bin/rails:9
  [1m[35m (5.4ms)[0m  [1m[35mCREATE TABLE "playlistvideos" ("id" bigserial primary key, "playlists_id" bigint, "videos_id" bigint, "created_at" timestamp NOT NULL, "updated_at" timestamp NOT NULL)[0m
  ↳ db/migrate/20181228232704_create_playlistvideos.rb:3
  [1m[35m (1.5ms)[0m  [1m[35mCREATE  INDEX  "index_playlistvideos_on_playlists_id" ON "playlistvideos"  ("playlists_id")[0m
  ↳ db/migrate/20181228232704_create_playlistvideos.rb:3
  [1m[35m (1.0ms)[0m  [1m[35mCREATE  INDEX  "index_playlistvideos_on_videos_id" ON "playlistvideos"  ("videos_id")[0m
  ↳ db/migrate/20181228232704_create_playlistvideos.rb:3
  [1m[36mActiveRecord::SchemaMigration Create (0.5ms)[0m  [1m[32mINSERT INTO "schema_migrations" ("version") VALUES ($1) RETURNING "version"[0m  [["version", "20181228232704"]]
  ↳ bin/rails:9
  [1m[35m (0.7ms)[0m  [1m[35mCOMMIT[0m
  ↳ bin/rails:9
  [1m[36mActiveRecord::InternalMetadata Load (0.6ms)[0m  [1m[34mSELECT  "ar_internal_metadata".* FROM "ar_internal_metadata" WHERE "ar_internal_metadata"."key" = $1 LIMIT $2[0m  [["key", "environment"], ["LIMIT", 1]]
  ↳ bin/rails:9
  [1m[35m (0.2ms)[0m  [1m[35mBEGIN[0m
  ↳ bin/rails:9
  [1m[36mActiveRecord::InternalMetadata Create (1.5ms)[0m  [1m[32mINSERT INTO "ar_internal_metadata" ("key", "value", "created_at", "updated_at") VALUES ($1, $2, $3, $4) RETURNING "key"[0m  [["key", "environment"], ["value", "development"], ["created_at", "2018-12-28 23:47:17.098871"], ["updated_at", "2018-12-28 23:47:17.098871"]]
  ↳ bin/rails:9
  [1m[35m (0.4ms)[0m  [1m[35mCOMMIT[0m
  ↳ bin/rails:9
  [1m[35m (0.2ms)[0m  [1m[34mSELECT pg_advisory_unlock(1024275113367530745)[0m
  ↳ bin/rails:9
  [1m[35m (0.3ms)[0m  [1m[34mSELECT "schema_migrations"."version" FROM "schema_migrations" ORDER BY "schema_migrations"."version" ASC[0m
  ↳ bin/rails:9
  [1m[35m (1.0ms)[0m  [1m[34mSELECT "schema_migrations"."version" FROM "schema_migrations" ORDER BY "schema_migrations"."version" ASC[0m
  ↳ bin/rails:9
  [1m[36mUser Load (0.8ms)[0m  [1m[34mSELECT  "users".* FROM "users" LIMIT $1[0m  [["LIMIT", 11]]
  [1m[36mUser Load (0.4ms)[0m  [1m[34mSELECT  "users".* FROM "users" ORDER BY "users"."id" ASC LIMIT $1[0m  [["LIMIT", 1]]
  [1m[35m (0.3ms)[0m  [1m[35mBEGIN[0m
  [1m[36mUser Create (1.3ms)[0m  [1m[32mINSERT INTO "users" ("name", "created_at", "updated_at") VALUES ($1, $2, $3) RETURNING "id"[0m  [["name", "omar"], ["created_at", "2018-12-28 23:49:00.450372"], ["updated_at", "2018-12-28 23:49:00.450372"]]
  [1m[35m (0.5ms)[0m  [1m[35mCOMMIT[0m
  [1m[36mUser Load (0.6ms)[0m  [1m[34mSELECT  "users".* FROM "users" LIMIT $1[0m  [["LIMIT", 11]]
  [1m[36mUser Load (0.6ms)[0m  [1m[34mSELECT  "users".* FROM "users" ORDER BY "users"."id" ASC LIMIT $1[0m  [["LIMIT", 1]]
  [1m[35m (0.2ms)[0m  [1m[35mBEGIN[0m
  [1m[35m (0.2ms)[0m  [1m[31mROLLBACK[0m
  [1m[35m (0.2ms)[0m  [1m[35mBEGIN[0m
  [1m[35m (0.2ms)[0m  [1m[31mROLLBACK[0m
  [1m[35m (1.2ms)[0m  [1m[34mSELECT "schema_migrations"."version" FROM "schema_migrations" ORDER BY "schema_migrations"."version" ASC[0m
  ↳ bin/rails:9
  [1m[35m (0.5ms)[0m  [1m[34mSELECT "ar_internal_metadata"."value" FROM "ar_internal_metadata" WHERE "ar_internal_metadata"."key" = $1[0m  [["key", "environment"]]
  ↳ bin/rails:9
  [1m[35m (0.3ms)[0m  [1m[34mSELECT "schema_migrations"."version" FROM "schema_migrations" ORDER BY "schema_migrations"."version" ASC[0m
  ↳ bin/rails:9
  [1m[35m (0.2ms)[0m  [1m[34mSELECT "ar_internal_metadata"."value" FROM "ar_internal_metadata" WHERE "ar_internal_metadata"."key" = $1[0m  [["key", "environment"]]
  ↳ bin/rails:9
  [1m[35m (0.3ms)[0m  [1m[34mSELECT "schema_migrations"."version" FROM "schema_migrations" ORDER BY "schema_migrations"."version" ASC[0m
  ↳ bin/rails:9
  [1m[35m (0.2ms)[0m  [1m[34mSELECT "ar_internal_metadata"."value" FROM "ar_internal_metadata" WHERE "ar_internal_metadata"."key" = $1[0m  [["key", "environment"]]
  ↳ bin/rails:9
  [1m[35m (139.8ms)[0m  [1m[35mDROP DATABASE IF EXISTS "youtube-comments-analyzer_development"[0m
  ↳ bin/rails:9
  [1m[35m (134.4ms)[0m  [1m[35mDROP DATABASE IF EXISTS "youtube-comments-analyzer_test"[0m
  ↳ bin/rails:9
  [1m[35m (300.2ms)[0m  [1m[35mCREATE DATABASE "youtube-comments-analyzer_development" ENCODING = 'unicode'[0m
  ↳ bin/rails:9
  [1m[35m (299.5ms)[0m  [1m[35mCREATE DATABASE "youtube-comments-analyzer_test" ENCODING = 'unicode'[0m
  ↳ bin/rails:9
  [1m[35m (7.3ms)[0m  [1m[35mCREATE TABLE "schema_migrations" ("version" character varying NOT NULL PRIMARY KEY)[0m
  ↳ bin/rails:9
  [1m[35m (3.5ms)[0m  [1m[35mCREATE TABLE "ar_internal_metadata" ("key" character varying NOT NULL PRIMARY KEY, "value" character varying, "created_at" timestamp NOT NULL, "updated_at" timestamp NOT NULL)[0m
  ↳ bin/rails:9
  [1m[35m (0.2ms)[0m  [1m[34mSELECT pg_try_advisory_lock(1024275113367530745)[0m
  ↳ bin/rails:9
  [1m[35m (1.0ms)[0m  [1m[34mSELECT "schema_migrations"."version" FROM "schema_migrations" ORDER BY "schema_migrations"."version" ASC[0m
  ↳ bin/rails:9
Migrating to CreateUsers (20181228232441)
  [1m[35m (0.2ms)[0m  [1m[35mBEGIN[0m
  ↳ bin/rails:9
  [1m[35m (5.2ms)[0m  [1m[35mCREATE TABLE "users" ("id" bigserial primary key, "name" character varying, "created_at" timestamp NOT NULL, "updated_at" timestamp NOT NULL)[0m
  ↳ db/migrate/20181228232441_create_users.rb:3
  [1m[36mActiveRecord::SchemaMigration Create (0.6ms)[0m  [1m[32mINSERT INTO "schema_migrations" ("version") VALUES ($1) RETURNING "version"[0m  [["version", "20181228232441"]]
  ↳ bin/rails:9
  [1m[35m (0.4ms)[0m  [1m[35mCOMMIT[0m
  ↳ bin/rails:9
Migrating to CreatePlaylists (20181228232520)
  [1m[35m (0.3ms)[0m  [1m[35mBEGIN[0m
  ↳ bin/rails:9
  [1m[35m (4.3ms)[0m  [1m[35mCREATE TABLE "playlists" ("id" bigserial primary key, "name" character varying, "created_at" timestamp NOT NULL, "updated_at" timestamp NOT NULL)[0m
  ↳ db/migrate/20181228232520_create_playlists.rb:3
  [1m[36mActiveRecord::SchemaMigration Create (0.3ms)[0m  [1m[32mINSERT INTO "schema_migrations" ("version") VALUES ($1) RETURNING "version"[0m  [["version", "20181228232520"]]
  ↳ bin/rails:9
  [1m[35m (0.4ms)[0m  [1m[35mCOMMIT[0m
  ↳ bin/rails:9
Migrating to CreateVideos (20181228232624)
  [1m[35m (0.3ms)[0m  [1m[35mBEGIN[0m
  ↳ bin/rails:9
  [1m[35m (5.4ms)[0m  [1m[35mCREATE TABLE "videos" ("id" bigserial primary key, "title" character varying, "youtubeId" character varying, "author" character varying, "created_at" timestamp NOT NULL, "updated_at" timestamp NOT NULL)[0m
  ↳ db/migrate/20181228232624_create_videos.rb:3
  [1m[36mActiveRecord::SchemaMigration Create (0.4ms)[0m  [1m[32mINSERT INTO "schema_migrations" ("version") VALUES ($1) RETURNING "version"[0m  [["version", "20181228232624"]]
  ↳ bin/rails:9
  [1m[35m (0.6ms)[0m  [1m[35mCOMMIT[0m
  ↳ bin/rails:9
Migrating to CreatePlaylistvideos (20181228232704)
  [1m[35m (0.4ms)[0m  [1m[35mBEGIN[0m
  ↳ bin/rails:9
  [1m[35m (4.2ms)[0m  [1m[35mCREATE TABLE "playlistvideos" ("id" bigserial primary key, "playlists_id" bigint, "videos_id" bigint, "created_at" timestamp NOT NULL, "updated_at" timestamp NOT NULL)[0m
  ↳ db/migrate/20181228232704_create_playlistvideos.rb:3
  [1m[35m (1.0ms)[0m  [1m[35mCREATE  INDEX  "index_playlistvideos_on_playlists_id" ON "playlistvideos"  ("playlists_id")[0m
  ↳ db/migrate/20181228232704_create_playlistvideos.rb:3
  [1m[35m (1.1ms)[0m  [1m[35mCREATE  INDEX  "index_playlistvideos_on_videos_id" ON "playlistvideos"  ("videos_id")[0m
  ↳ db/migrate/20181228232704_create_playlistvideos.rb:3
  [1m[36mActiveRecord::SchemaMigration Create (0.3ms)[0m  [1m[32mINSERT INTO "schema_migrations" ("version") VALUES ($1) RETURNING "version"[0m  [["version", "20181228232704"]]
  ↳ bin/rails:9
  [1m[35m (0.4ms)[0m  [1m[35mCOMMIT[0m
  ↳ bin/rails:9
  [1m[36mActiveRecord::InternalMetadata Load (0.5ms)[0m  [1m[34mSELECT  "ar_internal_metadata".* FROM "ar_internal_metadata" WHERE "ar_internal_metadata"."key" = $1 LIMIT $2[0m  [["key", "environment"], ["LIMIT", 1]]
  ↳ bin/rails:9
  [1m[35m (0.2ms)[0m  [1m[35mBEGIN[0m
  ↳ bin/rails:9
  [1m[36mActiveRecord::InternalMetadata Create (0.6ms)[0m  [1m[32mINSERT INTO "ar_internal_metadata" ("key", "value", "created_at", "updated_at") VALUES ($1, $2, $3, $4) RETURNING "key"[0m  [["key", "environment"], ["value", "development"], ["created_at", "2018-12-28 23:53:04.871589"], ["updated_at", "2018-12-28 23:53:04.871589"]]
  ↳ bin/rails:9
  [1m[35m (0.3ms)[0m  [1m[35mCOMMIT[0m
  ↳ bin/rails:9
  [1m[35m (0.2ms)[0m  [1m[34mSELECT pg_advisory_unlock(1024275113367530745)[0m
  ↳ bin/rails:9
  [1m[35m (0.5ms)[0m  [1m[34mSELECT "schema_migrations"."version" FROM "schema_migrations" ORDER BY "schema_migrations"."version" ASC[0m
  ↳ bin/rails:9
  [1m[35m (1.1ms)[0m  [1m[34mSELECT "schema_migrations"."version" FROM "schema_migrations" ORDER BY "schema_migrations"."version" ASC[0m
  ↳ bin/rails:9
  [1m[35m (0.5ms)[0m  [1m[34mSELECT "ar_internal_metadata"."value" FROM "ar_internal_metadata" WHERE "ar_internal_metadata"."key" = $1[0m  [["key", "environment"]]
  ↳ bin/rails:9
  [1m[35m (0.2ms)[0m  [1m[34mSELECT "schema_migrations"."version" FROM "schema_migrations" ORDER BY "schema_migrations"."version" ASC[0m
  ↳ bin/rails:9
  [1m[35m (0.2ms)[0m  [1m[34mSELECT "ar_internal_metadata"."value" FROM "ar_internal_metadata" WHERE "ar_internal_metadata"."key" = $1[0m  [["key", "environment"]]
  ↳ bin/rails:9
  [1m[35m (0.2ms)[0m  [1m[34mSELECT "schema_migrations"."version" FROM "schema_migrations" ORDER BY "schema_migrations"."version" ASC[0m
  ↳ bin/rails:9
  [1m[35m (0.2ms)[0m  [1m[34mSELECT "ar_internal_metadata"."value" FROM "ar_internal_metadata" WHERE "ar_internal_metadata"."key" = $1[0m  [["key", "environment"]]
  ↳ bin/rails:9
  [1m[35m (135.7ms)[0m  [1m[35mDROP DATABASE IF EXISTS "youtube-comments-analyzer_development"[0m
  ↳ bin/rails:9
  [1m[35m (133.9ms)[0m  [1m[35mDROP DATABASE IF EXISTS "youtube-comments-analyzer_test"[0m
  ↳ bin/rails:9
  [1m[35m (299.6ms)[0m  [1m[35mCREATE DATABASE "youtube-comments-analyzer_development" ENCODING = 'unicode'[0m
  ↳ bin/rails:9
  [1m[35m (301.9ms)[0m  [1m[35mCREATE DATABASE "youtube-comments-analyzer_test" ENCODING = 'unicode'[0m
  ↳ bin/rails:9
  [1m[35m (8.1ms)[0m  [1m[35mCREATE TABLE "schema_migrations" ("version" character varying NOT NULL PRIMARY KEY)[0m
  ↳ bin/rails:9
  [1m[35m (3.9ms)[0m  [1m[35mCREATE TABLE "ar_internal_metadata" ("key" character varying NOT NULL PRIMARY KEY, "value" character varying, "created_at" timestamp NOT NULL, "updated_at" timestamp NOT NULL)[0m
  ↳ bin/rails:9
  [1m[35m (0.3ms)[0m  [1m[34mSELECT pg_try_advisory_lock(1024275113367530745)[0m
  ↳ bin/rails:9
  [1m[35m (0.6ms)[0m  [1m[34mSELECT "schema_migrations"."version" FROM "schema_migrations" ORDER BY "schema_migrations"."version" ASC[0m
  ↳ bin/rails:9
Migrating to CreateUsers (20181228232441)
  [1m[35m (0.2ms)[0m  [1m[35mBEGIN[0m
  ↳ bin/rails:9
  [1m[35m (4.9ms)[0m  [1m[35mCREATE TABLE "users" ("id" bigserial primary key, "name" character varying, "created_at" timestamp NOT NULL, "updated_at" timestamp NOT NULL)[0m
  ↳ db/migrate/20181228232441_create_users.rb:3
  [1m[36mActiveRecord::SchemaMigration Create (0.7ms)[0m  [1m[32mINSERT INTO "schema_migrations" ("version") VALUES ($1) RETURNING "version"[0m  [["version", "20181228232441"]]
  ↳ bin/rails:9
  [1m[35m (0.5ms)[0m  [1m[35mCOMMIT[0m
  ↳ bin/rails:9
Migrating to CreatePlaylists (20181228232520)
  [1m[35m (0.3ms)[0m  [1m[35mBEGIN[0m
  ↳ bin/rails:9
  [1m[35m (0.2ms)[0m  [1m[31mROLLBACK[0m
  ↳ bin/rails:9
  [1m[35m (0.3ms)[0m  [1m[34mSELECT pg_advisory_unlock(1024275113367530745)[0m
  ↳ bin/rails:9
  [1m[35m (0.3ms)[0m  [1m[34mSELECT pg_try_advisory_lock(1024275113367530745)[0m
  ↳ bin/rails:9
  [1m[35m (0.9ms)[0m  [1m[34mSELECT "schema_migrations"."version" FROM "schema_migrations" ORDER BY "schema_migrations"."version" ASC[0m
  ↳ bin/rails:9
Migrating to CreatePlaylists (20181228232520)
  [1m[35m (0.2ms)[0m  [1m[35mBEGIN[0m
  ↳ bin/rails:9
  [1m[35m (6.5ms)[0m  [1m[35mCREATE TABLE "playlists" ("id" bigserial primary key, "name" character varying, "user_id" integer, "created_at" timestamp NOT NULL, "updated_at" timestamp NOT NULL)[0m
  ↳ db/migrate/20181228232520_create_playlists.rb:3
  [1m[36mActiveRecord::SchemaMigration Create (0.5ms)[0m  [1m[32mINSERT INTO "schema_migrations" ("version") VALUES ($1) RETURNING "version"[0m  [["version", "20181228232520"]]
  ↳ bin/rails:9
  [1m[35m (0.5ms)[0m  [1m[35mCOMMIT[0m
  ↳ bin/rails:9
Migrating to CreateVideos (20181228232624)
  [1m[35m (0.2ms)[0m  [1m[35mBEGIN[0m
  ↳ bin/rails:9
  [1m[35m (5.0ms)[0m  [1m[35mCREATE TABLE "videos" ("id" bigserial primary key, "title" character varying, "youtubeId" character varying, "author" character varying, "created_at" timestamp NOT NULL, "updated_at" timestamp NOT NULL)[0m
  ↳ db/migrate/20181228232624_create_videos.rb:3
  [1m[36mActiveRecord::SchemaMigration Create (0.3ms)[0m  [1m[32mINSERT INTO "schema_migrations" ("version") VALUES ($1) RETURNING "version"[0m  [["version", "20181228232624"]]
  ↳ bin/rails:9
  [1m[35m (0.4ms)[0m  [1m[35mCOMMIT[0m
  ↳ bin/rails:9
Migrating to CreatePlaylistvideos (20181228232704)
  [1m[35m (0.3ms)[0m  [1m[35mBEGIN[0m
  ↳ bin/rails:9
  [1m[35m (4.7ms)[0m  [1m[35mCREATE TABLE "playlistvideos" ("id" bigserial primary key, "playlists_id" bigint, "videos_id" bigint, "created_at" timestamp NOT NULL, "updated_at" timestamp NOT NULL)[0m
  ↳ db/migrate/20181228232704_create_playlistvideos.rb:3
  [1m[35m (1.2ms)[0m  [1m[35mCREATE  INDEX  "index_playlistvideos_on_playlists_id" ON "playlistvideos"  ("playlists_id")[0m
  ↳ db/migrate/20181228232704_create_playlistvideos.rb:3
  [1m[35m (1.3ms)[0m  [1m[35mCREATE  INDEX  "index_playlistvideos_on_videos_id" ON "playlistvideos"  ("videos_id")[0m
  ↳ db/migrate/20181228232704_create_playlistvideos.rb:3
  [1m[36mActiveRecord::SchemaMigration Create (0.4ms)[0m  [1m[32mINSERT INTO "schema_migrations" ("version") VALUES ($1) RETURNING "version"[0m  [["version", "20181228232704"]]
  ↳ bin/rails:9
  [1m[35m (0.4ms)[0m  [1m[35mCOMMIT[0m
  ↳ bin/rails:9
  [1m[36mActiveRecord::InternalMetadata Load (0.5ms)[0m  [1m[34mSELECT  "ar_internal_metadata".* FROM "ar_internal_metadata" WHERE "ar_internal_metadata"."key" = $1 LIMIT $2[0m  [["key", "environment"], ["LIMIT", 1]]
  ↳ bin/rails:9
  [1m[35m (0.2ms)[0m  [1m[35mBEGIN[0m
  ↳ bin/rails:9
  [1m[36mActiveRecord::InternalMetadata Create (0.6ms)[0m  [1m[32mINSERT INTO "ar_internal_metadata" ("key", "value", "created_at", "updated_at") VALUES ($1, $2, $3, $4) RETURNING "key"[0m  [["key", "environment"], ["value", "development"], ["created_at", "2018-12-28 23:58:26.701576"], ["updated_at", "2018-12-28 23:58:26.701576"]]
  ↳ bin/rails:9
  [1m[35m (0.5ms)[0m  [1m[35mCOMMIT[0m
  ↳ bin/rails:9
  [1m[35m (0.3ms)[0m  [1m[34mSELECT pg_advisory_unlock(1024275113367530745)[0m
  ↳ bin/rails:9
  [1m[35m (0.3ms)[0m  [1m[34mSELECT "schema_migrations"."version" FROM "schema_migrations" ORDER BY "schema_migrations"."version" ASC[0m
  ↳ bin/rails:9
  [1m[35m (0.2ms)[0m  [1m[35mBEGIN[0m
  [1m[36mUser Create (1.2ms)[0m  [1m[32mINSERT INTO "users" ("name", "created_at", "updated_at") VALUES ($1, $2, $3) RETURNING "id"[0m  [["name", "Omar"], ["created_at", "2018-12-28 23:58:50.259838"], ["updated_at", "2018-12-28 23:58:50.259838"]]
  [1m[35m (1.2ms)[0m  [1m[35mCOMMIT[0m
  [1m[35m (0.2ms)[0m  [1m[35mBEGIN[0m
  [1m[35m (0.2ms)[0m  [1m[31mROLLBACK[0m
  [1m[36mPlaylist Load (0.7ms)[0m  [1m[34mSELECT  "playlists".* FROM "playlists" LIMIT $1[0m  [["LIMIT", 11]]
  [1m[36mPlaylist Load (0.4ms)[0m  [1m[34mSELECT  "playlists".* FROM "playlists" ORDER BY "playlists"."id" ASC LIMIT $1[0m  [["LIMIT", 1]]
  [1m[35m (0.2ms)[0m  [1m[35mBEGIN[0m
  [1m[36mPlaylist Create (0.9ms)[0m  [1m[32mINSERT INTO "playlists" ("name", "user_id", "created_at", "updated_at") VALUES ($1, $2, $3, $4) RETURNING "id"[0m  [["name", "P1"], ["user_id", 1], ["created_at", "2018-12-28 23:59:59.924974"], ["updated_at", "2018-12-28 23:59:59.924974"]]
  [1m[35m (0.4ms)[0m  [1m[35mCOMMIT[0m
  [1m[36mPlaylist Load (0.5ms)[0m  [1m[34mSELECT  "playlists".* FROM "playlists" LIMIT $1[0m  [["LIMIT", 11]]
  [1m[36mPlaylist Load (0.5ms)[0m  [1m[34mSELECT  "playlists".* FROM "playlists" ORDER BY "playlists"."id" ASC LIMIT $1[0m  [["LIMIT", 1]]
  [1m[36mUser Load (0.4ms)[0m  [1m[34mSELECT  "users".* FROM "users" LIMIT $1[0m  [["LIMIT", 11]]
  [1m[36mUser Load (0.4ms)[0m  [1m[34mSELECT  "users".* FROM "users" ORDER BY "users"."id" ASC LIMIT $1[0m  [["LIMIT", 1]]
  [1m[36mPlaylist Load (0.4ms)[0m  [1m[34mSELECT  "playlists".* FROM "playlists" WHERE "playlists"."user_id" = $1 LIMIT $2[0m  [["user_id", 1], ["LIMIT", 11]]
  [1m[36mPlaylist Load (0.4ms)[0m  [1m[34mSELECT  "playlists".* FROM "playlists" WHERE "playlists"."user_id" = $1 ORDER BY "playlists"."id" ASC LIMIT $2[0m  [["user_id", 1], ["LIMIT", 1]]
  [1m[35m (0.2ms)[0m  [1m[35mBEGIN[0m
  [1m[36mVideo Create (0.9ms)[0m  [1m[32mINSERT INTO "videos" ("title", "created_at", "updated_at") VALUES ($1, $2, $3) RETURNING "id"[0m  [["title", "vid"], ["created_at", "2018-12-29 00:01:02.878627"], ["updated_at", "2018-12-29 00:01:02.878627"]]
  [1m[35m (0.3ms)[0m  [1m[35mCOMMIT[0m
  [1m[36mPlaylist Load (0.7ms)[0m  [1m[34mSELECT  "playlists".* FROM "playlists" ORDER BY "playlists"."id" ASC LIMIT $1[0m  [["LIMIT", 1]]
  [1m[36mPlaylist Load (0.6ms)[0m  [1m[34mSELECT  "playlists".* FROM "playlists" ORDER BY "playlists"."id" ASC LIMIT $1[0m  [["LIMIT", 1]]
  [1m[36mVideo Load (0.8ms)[0m  [1m[34mSELECT  "videos".* FROM "videos" ORDER BY "videos"."id" ASC LIMIT $1[0m  [["LIMIT", 1]]
  [1m[36mVideo Load (0.6ms)[0m  [1m[34mSELECT  "videos".* FROM "videos" ORDER BY "videos"."id" ASC LIMIT $1[0m  [["LIMIT", 1]]
  [1m[35m (0.2ms)[0m  [1m[35mBEGIN[0m
  [1m[35m (0.3ms)[0m  [1m[31mROLLBACK[0m
  [1m[35m (0.9ms)[0m  [1m[34mSELECT "schema_migrations"."version" FROM "schema_migrations" ORDER BY "schema_migrations"."version" ASC[0m
  ↳ bin/rails:9
  [1m[35m (0.7ms)[0m  [1m[34mSELECT "ar_internal_metadata"."value" FROM "ar_internal_metadata" WHERE "ar_internal_metadata"."key" = $1[0m  [["key", "environment"]]
  ↳ bin/rails:9
  [1m[35m (0.5ms)[0m  [1m[34mSELECT "schema_migrations"."version" FROM "schema_migrations" ORDER BY "schema_migrations"."version" ASC[0m
  ↳ bin/rails:9
  [1m[35m (0.3ms)[0m  [1m[34mSELECT "ar_internal_metadata"."value" FROM "ar_internal_metadata" WHERE "ar_internal_metadata"."key" = $1[0m  [["key", "environment"]]
  ↳ bin/rails:9
  [1m[35m (0.3ms)[0m  [1m[34mSELECT "schema_migrations"."version" FROM "schema_migrations" ORDER BY "schema_migrations"."version" ASC[0m
  ↳ bin/rails:9
  [1m[35m (0.3ms)[0m  [1m[34mSELECT "ar_internal_metadata"."value" FROM "ar_internal_metadata" WHERE "ar_internal_metadata"."key" = $1[0m  [["key", "environment"]]
  ↳ bin/rails:9
  [1m[35m (138.7ms)[0m  [1m[35mDROP DATABASE IF EXISTS "youtube-comments-analyzer_development"[0m
  ↳ bin/rails:9
  [1m[35m (135.7ms)[0m  [1m[35mDROP DATABASE IF EXISTS "youtube-comments-analyzer_test"[0m
  ↳ bin/rails:9
  [1m[35m (299.2ms)[0m  [1m[35mCREATE DATABASE "youtube-comments-analyzer_development" ENCODING = 'unicode'[0m
  ↳ bin/rails:9
  [1m[35m (302.5ms)[0m  [1m[35mCREATE DATABASE "youtube-comments-analyzer_test" ENCODING = 'unicode'[0m
  ↳ bin/rails:9
  [1m[35m (9.4ms)[0m  [1m[35mCREATE TABLE "schema_migrations" ("version" character varying NOT NULL PRIMARY KEY)[0m
  ↳ bin/rails:9
  [1m[35m (3.7ms)[0m  [1m[35mCREATE TABLE "ar_internal_metadata" ("key" character varying NOT NULL PRIMARY KEY, "value" character varying, "created_at" timestamp NOT NULL, "updated_at" timestamp NOT NULL)[0m
  ↳ bin/rails:9
  [1m[35m (0.2ms)[0m  [1m[34mSELECT pg_try_advisory_lock(1024275113367530745)[0m
  ↳ bin/rails:9
  [1m[35m (1.0ms)[0m  [1m[34mSELECT "schema_migrations"."version" FROM "schema_migrations" ORDER BY "schema_migrations"."version" ASC[0m
  ↳ bin/rails:9
Migrating to CreateUsers (20181228232441)
  [1m[35m (0.2ms)[0m  [1m[35mBEGIN[0m
  ↳ bin/rails:9
  [1m[35m (5.0ms)[0m  [1m[35mCREATE TABLE "users" ("id" bigserial primary key, "name" character varying, "created_at" timestamp NOT NULL, "updated_at" timestamp NOT NULL)[0m
  ↳ db/migrate/20181228232441_create_users.rb:3
  [1m[36mActiveRecord::SchemaMigration Create (0.6ms)[0m  [1m[32mINSERT INTO "schema_migrations" ("version") VALUES ($1) RETURNING "version"[0m  [["version", "20181228232441"]]
  ↳ bin/rails:9
  [1m[35m (0.4ms)[0m  [1m[35mCOMMIT[0m
  ↳ bin/rails:9
Migrating to CreatePlaylists (20181228232520)
  [1m[35m (0.3ms)[0m  [1m[35mBEGIN[0m
  ↳ bin/rails:9
  [1m[35m (4.4ms)[0m  [1m[35mCREATE TABLE "playlists" ("id" bigserial primary key, "name" character varying, "user_id" integer, "created_at" timestamp NOT NULL, "updated_at" timestamp NOT NULL)[0m
  ↳ db/migrate/20181228232520_create_playlists.rb:3
  [1m[36mActiveRecord::SchemaMigration Create (0.4ms)[0m  [1m[32mINSERT INTO "schema_migrations" ("version") VALUES ($1) RETURNING "version"[0m  [["version", "20181228232520"]]
  ↳ bin/rails:9
  [1m[35m (0.4ms)[0m  [1m[35mCOMMIT[0m
  ↳ bin/rails:9
Migrating to CreateVideos (20181228232624)
  [1m[35m (0.2ms)[0m  [1m[35mBEGIN[0m
  ↳ bin/rails:9
  [1m[35m (6.4ms)[0m  [1m[35mCREATE TABLE "videos" ("id" bigserial primary key, "title" character varying, "youtubeId" character varying, "author" character varying, "created_at" timestamp NOT NULL, "updated_at" timestamp NOT NULL)[0m
  ↳ db/migrate/20181228232624_create_videos.rb:3
  [1m[36mActiveRecord::SchemaMigration Create (0.6ms)[0m  [1m[32mINSERT INTO "schema_migrations" ("version") VALUES ($1) RETURNING "version"[0m  [["version", "20181228232624"]]
  ↳ bin/rails:9
  [1m[35m (0.6ms)[0m  [1m[35mCOMMIT[0m
  ↳ bin/rails:9
Migrating to CreatePlaylistvideos (20181228232704)
  [1m[35m (0.3ms)[0m  [1m[35mBEGIN[0m
  ↳ bin/rails:9
  [1m[35m (3.1ms)[0m  [1m[35mCREATE TABLE "playlistvideos" ("id" bigserial primary key, "playlist_id" bigint, "video_id" bigint, "created_at" timestamp NOT NULL, "updated_at" timestamp NOT NULL)[0m
  ↳ db/migrate/20181228232704_create_playlistvideos.rb:3
  [1m[35m (1.3ms)[0m  [1m[35mCREATE  INDEX  "index_playlistvideos_on_playlist_id" ON "playlistvideos"  ("playlist_id")[0m
  ↳ db/migrate/20181228232704_create_playlistvideos.rb:3
  [1m[35m (1.2ms)[0m  [1m[35mCREATE  INDEX  "index_playlistvideos_on_video_id" ON "playlistvideos"  ("video_id")[0m
  ↳ db/migrate/20181228232704_create_playlistvideos.rb:3
  [1m[36mActiveRecord::SchemaMigration Create (0.4ms)[0m  [1m[32mINSERT INTO "schema_migrations" ("version") VALUES ($1) RETURNING "version"[0m  [["version", "20181228232704"]]
  ↳ bin/rails:9
  [1m[35m (0.5ms)[0m  [1m[35mCOMMIT[0m
  ↳ bin/rails:9
  [1m[36mActiveRecord::InternalMetadata Load (0.4ms)[0m  [1m[34mSELECT  "ar_internal_metadata".* FROM "ar_internal_metadata" WHERE "ar_internal_metadata"."key" = $1 LIMIT $2[0m  [["key", "environment"], ["LIMIT", 1]]
  ↳ bin/rails:9
  [1m[35m (0.2ms)[0m  [1m[35mBEGIN[0m
  ↳ bin/rails:9
  [1m[36mActiveRecord::InternalMetadata Create (0.6ms)[0m  [1m[32mINSERT INTO "ar_internal_metadata" ("key", "value", "created_at", "updated_at") VALUES ($1, $2, $3, $4) RETURNING "key"[0m  [["key", "environment"], ["value", "development"], ["created_at", "2018-12-29 00:04:33.281370"], ["updated_at", "2018-12-29 00:04:33.281370"]]
  ↳ bin/rails:9
  [1m[35m (0.3ms)[0m  [1m[35mCOMMIT[0m
  ↳ bin/rails:9
  [1m[35m (0.3ms)[0m  [1m[34mSELECT pg_advisory_unlock(1024275113367530745)[0m
  ↳ bin/rails:9
  [1m[35m (0.3ms)[0m  [1m[34mSELECT "schema_migrations"."version" FROM "schema_migrations" ORDER BY "schema_migrations"."version" ASC[0m
  ↳ bin/rails:9
  [1m[35m (0.9ms)[0m  [1m[34mSELECT "schema_migrations"."version" FROM "schema_migrations" ORDER BY "schema_migrations"."version" ASC[0m
  ↳ bin/rails:9
  [1m[35m (0.2ms)[0m  [1m[35mBEGIN[0m
  ↳ db/seeds.rb:8
  [1m[36mUser Create (1.2ms)[0m  [1m[32mINSERT INTO "users" ("name", "created_at", "updated_at") VALUES ($1, $2, $3) RETURNING "id"[0m  [["name", "Omar"], ["created_at", "2018-12-29 00:07:00.254775"], ["updated_at", "2018-12-29 00:07:00.254775"]]
  ↳ db/seeds.rb:8
  [1m[35m (0.5ms)[0m  [1m[35mCOMMIT[0m
  ↳ db/seeds.rb:8
  [1m[35m (0.2ms)[0m  [1m[35mBEGIN[0m
  ↳ db/seeds.rb:10
  [1m[36mVideo Create (0.7ms)[0m  [1m[32mINSERT INTO "videos" ("title", "created_at", "updated_at") VALUES ($1, $2, $3) RETURNING "id"[0m  [["title", "vid"], ["created_at", "2018-12-29 00:07:00.272738"], ["updated_at", "2018-12-29 00:07:00.272738"]]
  ↳ db/seeds.rb:10
  [1m[35m (0.4ms)[0m  [1m[35mCOMMIT[0m
  ↳ db/seeds.rb:10
  [1m[35m (0.2ms)[0m  [1m[35mBEGIN[0m
  ↳ db/seeds.rb:12
  [1m[36mPlaylist Create (0.7ms)[0m  [1m[32mINSERT INTO "playlists" ("name", "user_id", "created_at", "updated_at") VALUES ($1, $2, $3, $4) RETURNING "id"[0m  [["name", "p1"], ["user_id", 1], ["created_at", "2018-12-29 00:07:00.291376"], ["updated_at", "2018-12-29 00:07:00.291376"]]
  ↳ db/seeds.rb:12
  [1m[35m (0.3ms)[0m  [1m[35mCOMMIT[0m
  ↳ db/seeds.rb:12
  [1m[36mUser Load (0.6ms)[0m  [1m[34mSELECT  "users".* FROM "users" LIMIT $1[0m  [["LIMIT", 11]]
  [1m[36mUser Load (0.5ms)[0m  [1m[34mSELECT  "users".* FROM "users" ORDER BY "users"."id" ASC LIMIT $1[0m  [["LIMIT", 1]]
  [1m[36mUser Load (0.5ms)[0m  [1m[34mSELECT  "users".* FROM "users" ORDER BY "users"."id" ASC LIMIT $1[0m  [["LIMIT", 1]]
  [1m[36mVideo Load (0.5ms)[0m  [1m[34mSELECT  "videos".* FROM "videos" ORDER BY "videos"."id" ASC LIMIT $1[0m  [["LIMIT", 1]]
  [1m[36mPlaylist Load (0.9ms)[0m  [1m[34mSELECT  "playlists".* FROM "playlists" ORDER BY "playlists"."id" ASC LIMIT $1[0m  [["LIMIT", 1]]
  [1m[36mPlaylist Load (0.4ms)[0m  [1m[34mSELECT  "playlists".* FROM "playlists" WHERE "playlists"."user_id" = $1 LIMIT $2[0m  [["user_id", 1], ["LIMIT", 11]]
  [1m[36mPlaylist Load (0.4ms)[0m  [1m[34mSELECT  "playlists".* FROM "playlists" WHERE "playlists"."user_id" = $1 ORDER BY "playlists"."id" ASC LIMIT $2[0m  [["user_id", 1], ["LIMIT", 1]]
  [1m[36mPlaylist Load (0.5ms)[0m  [1m[34mSELECT  "playlists".* FROM "playlists" WHERE "playlists"."user_id" = $1 LIMIT $2[0m  [["user_id", 1], ["LIMIT", 11]]
  [1m[36mVideo Load (1.3ms)[0m  [1m[34mSELECT  "videos".* FROM "videos" INNER JOIN "playlistvideos" ON "videos"."id" = "playlistvideos"."video_id" WHERE "playlistvideos"."playlist_id" = $1 LIMIT $2[0m  [["playlist_id", 1], ["LIMIT", 11]]
  [1m[35m (0.2ms)[0m  [1m[35mBEGIN[0m
  [1m[36mPlaylistvideo Create (1.1ms)[0m  [1m[32mINSERT INTO "playlistvideos" ("playlist_id", "video_id", "created_at", "updated_at") VALUES ($1, $2, $3, $4) RETURNING "id"[0m  [["playlist_id", 1], ["video_id", 1], ["created_at", "2018-12-29 00:08:31.010064"], ["updated_at", "2018-12-29 00:08:31.010064"]]
  [1m[35m (0.7ms)[0m  [1m[35mCOMMIT[0m
  [1m[36mVideo Load (0.6ms)[0m  [1m[34mSELECT  "videos".* FROM "videos" INNER JOIN "playlistvideos" ON "videos"."id" = "playlistvideos"."video_id" WHERE "playlistvideos"."playlist_id" = $1 LIMIT $2[0m  [["playlist_id", 1], ["LIMIT", 11]]
  [1m[36mVideo Load (0.8ms)[0m  [1m[34mSELECT  "videos".* FROM "videos" INNER JOIN "playlistvideos" ON "videos"."id" = "playlistvideos"."video_id" WHERE "playlistvideos"."playlist_id" = $1 LIMIT $2[0m  [["playlist_id", 1], ["LIMIT", 11]]
  [1m[36mVideo Load (0.8ms)[0m  [1m[34mSELECT  "videos".* FROM "videos" INNER JOIN "playlistvideos" ON "videos"."id" = "playlistvideos"."video_id" WHERE "playlistvideos"."playlist_id" = $1 ORDER BY "videos"."id" ASC LIMIT $2[0m  [["playlist_id", 1], ["LIMIT", 1]]
  [1m[36mPlaylist Load (0.6ms)[0m  [1m[34mSELECT  "playlists".* FROM "playlists" WHERE "playlists"."user_id" = $1 ORDER BY "playlists"."id" ASC LIMIT $2[0m  [["user_id", 1], ["LIMIT", 1]]
  [1m[36mVideo Load (0.7ms)[0m  [1m[34mSELECT  "videos".* FROM "videos" INNER JOIN "playlistvideos" ON "videos"."id" = "playlistvideos"."video_id" WHERE "playlistvideos"."playlist_id" = $1 LIMIT $2[0m  [["playlist_id", 1], ["LIMIT", 11]]
  [1m[36mVideo Load (0.8ms)[0m  [1m[34mSELECT  "videos".* FROM "videos" ORDER BY "videos"."id" ASC LIMIT $1[0m  [["LIMIT", 1]]
  [1m[36mVideo Load (0.7ms)[0m  [1m[34mSELECT  "videos".* FROM "videos" ORDER BY "videos"."id" ASC LIMIT $1[0m  [["LIMIT", 1]]
  [1m[36mPlaylist Load (1.1ms)[0m  [1m[34mSELECT  "playlists".* FROM "playlists" INNER JOIN "playlistvideos" ON "playlists"."id" = "playlistvideos"."playlist_id" WHERE "playlistvideos"."video_id" = $1 LIMIT $2[0m  [["video_id", 1], ["LIMIT", 11]]
  [1m[36mVideo Load (0.6ms)[0m  [1m[34mSELECT  "videos".* FROM "videos" ORDER BY "videos"."id" ASC LIMIT $1[0m  [["LIMIT", 1]]
  [1m[36mPlaylist Load (0.7ms)[0m  [1m[34mSELECT  "playlists".* FROM "playlists" INNER JOIN "playlistvideos" ON "playlists"."id" = "playlistvideos"."playlist_id" WHERE "playlistvideos"."video_id" = $1 ORDER BY "playlists"."id" ASC LIMIT $2[0m  [["video_id", 1], ["LIMIT", 1]]
  [1m[36mUser Load (0.6ms)[0m  [1m[34mSELECT  "users".* FROM "users" WHERE "users"."id" = $1 LIMIT $2[0m  [["id", 1], ["LIMIT", 1]]
